# JRE version: OpenJDK Runtime Environment Corretto-17.0.14.7.1 (17.0.14+7) (build 17.0.14+7-LTS)
# Java VM: OpenJDK 64-Bit Server VM Corretto-17.0.14.7.1 (17.0.14+7-LTS, mixed mode, sharing, tiered, compressed oops, compressed class ptrs, g1 gc, bsd-amd64)
Heap:
 garbage-first heap   total 262144K, used 149851K [0x00000007e0000000, 0x0000000800000000)
  region size 1024K, 54 young (55296K), 2 survivors (2048K)
 Metaspace       used 63689K, committed 64448K, reserved 393216K
  class space    used 9333K, committed 9728K, reserved 327680K
GC Heap History (18 events):
Event: 0.874 GC heap before
{Heap before GC invocations=0 (full 0):
 garbage-first heap   total 264192K, used 13216K [0x00000007e0000000, 0x0000000800000000)
  region size 1024K, 13 young (13312K), 0 survivors (0K)
 Metaspace       used 781K, committed 896K, reserved 393216K
  class space    used 65K, committed 128K, reserved 327680K
}
Event: 0.884 GC heap after
{Heap after GC invocations=1 (full 0):
 garbage-first heap   total 264192K, used 2506K [0x00000007e0000000, 0x0000000800000000)
  region size 1024K, 2 young (2048K), 2 survivors (2048K)
 Metaspace       used 781K, committed 896K, reserved 393216K
  class space    used 65K, committed 128K, reserved 327680K
}
Event: 2.115 GC heap before
{Heap before GC invocations=1 (full 0):
 garbage-first heap   total 264192K, used 29130K [0x00000007e0000000, 0x0000000800000000)
  region size 1024K, 25 young (25600K), 2 survivors (2048K)
 Metaspace       used 3958K, committed 4160K, reserved 393216K
  class space    used 511K, committed 640K, reserved 327680K
}
Event: 2.130 GC heap after
{Heap after GC invocations=2 (full 0):
 garbage-first heap   total 264192K, used 11875K [0x00000007e0000000, 0x0000000800000000)
  region size 1024K, 4 young (4096K), 4 survivors (4096K)
 Metaspace       used 3958K, committed 4160K, reserved 393216K
  class space    used 511K, committed 640K, reserved 327680K
}
Event: 2.582 GC heap before
{Heap before GC invocations=2 (full 0):
 garbage-first heap   total 264192K, used 38499K [0x00000007e0000000, 0x0000000800000000)
  region size 1024K, 28 young (28672K), 4 survivors (4096K)
 Metaspace       used 4286K, committed 4544K, reserved 393216K
  class space    used 556K, committed 704K, reserved 327680K
}
Event: 2.600 GC heap after
{Heap after GC invocations=3 (full 0):
 garbage-first heap   total 264192K, used 17163K [0x00000007e0000000, 0x0000000800000000)
  region size 1024K, 4 young (4096K), 4 survivors (4096K)
 Metaspace       used 4286K, committed 4544K, reserved 393216K
  class space    used 556K, committed 704K, reserved 327680K
}
Event: 6.538 GC heap before
{Heap before GC invocations=3 (full 0):
 garbage-first heap   total 264192K, used 120587K [0x00000007e0000000, 0x0000000800000000)
  region size 1024K, 106 young (108544K), 4 survivors (4096K)
 Metaspace       used 21177K, committed 21504K, reserved 393216K
  class space    used 3190K, committed 3392K, reserved 327680K
}
Event: 6.572 GC heap after
{Heap after GC invocations=4 (full 0):
 garbage-first heap   total 264192K, used 23959K [0x00000007e0000000, 0x0000000800000000)
  region size 1024K, 11 young (11264K), 11 survivors (11264K)
 Metaspace       used 21177K, committed 21504K, reserved 393216K
  class space    used 3190K, committed 3392K, reserved 327680K
}
Event: 10.447 GC heap before
{Heap before GC invocations=5 (full 0):
 garbage-first heap   total 262144K, used 145815K [0x00000007e0000000, 0x0000000800000000)
  region size 1024K, 119 young (121856K), 11 survivors (11264K)
 Metaspace       used 34130K, committed 34496K, reserved 393216K
  class space    used 4947K, committed 5120K, reserved 327680K
}
Event: 10.484 GC heap after
{Heap after GC invocations=6 (full 0):
 garbage-first heap   total 262144K, used 45283K [0x00000007e0000000, 0x0000000800000000)
  region size 1024K, 15 young (15360K), 15 survivors (15360K)
 Metaspace       used 34130K, committed 34496K, reserved 393216K
  class space    used 4947K, committed 5120K, reserved 327680K
}
Event: 10.861 GC heap before
{Heap before GC invocations=6 (full 0):
 garbage-first heap   total 262144K, used 62691K [0x00000007e0000000, 0x0000000800000000)
  region size 1024K, 29 young (29696K), 15 survivors (15360K)
 Metaspace       used 35785K, committed 36160K, reserved 393216K
  class space    used 5076K, committed 5248K, reserved 327680K
}
Event: 10.887 GC heap after
{Heap after GC invocations=7 (full 0):
 garbage-first heap   total 262144K, used 46667K [0x00000007e0000000, 0x0000000800000000)
  region size 1024K, 2 young (2048K), 2 survivors (2048K)
 Metaspace       used 35785K, committed 36160K, reserved 393216K
  class space    used 5076K, committed 5248K, reserved 327680K
}
Event: 16.058 GC heap before
{Heap before GC invocations=8 (full 0):
 garbage-first heap   total 262144K, used 208459K [0x00000007e0000000, 0x0000000800000000)
  region size 1024K, 145 young (148480K), 2 survivors (2048K)
 Metaspace       used 49238K, committed 49792K, reserved 393216K
  class space    used 7134K, committed 7424K, reserved 327680K
}
Event: 16.119 GC heap after
{Heap after GC invocations=9 (full 0):
 garbage-first heap   total 262144K, used 70053K [0x00000007e0000000, 0x0000000800000000)
  region size 1024K, 11 young (11264K), 11 survivors (11264K)
 Metaspace       used 49238K, committed 49792K, reserved 393216K
  class space    used 7134K, committed 7424K, reserved 327680K
}
Event: 22.738 GC heap before
{Heap before GC invocations=9 (full 0):
 garbage-first heap   total 262144K, used 214437K [0x00000007e0000000, 0x0000000800000000)
  region size 1024K, 139 young (142336K), 11 survivors (11264K)
 Metaspace       used 59229K, committed 59904K, reserved 393216K
  class space    used 8666K, committed 9024K, reserved 327680K
}
Event: 22.800 GC heap after
{Heap after GC invocations=10 (full 0):
 garbage-first heap   total 262144K, used 94443K [0x00000007e0000000, 0x0000000800000000)
  region size 1024K, 18 young (18432K), 18 survivors (18432K)
 Metaspace       used 59229K, committed 59904K, reserved 393216K
  class space    used 8666K, committed 9024K, reserved 327680K
}
Event: 23.390 GC heap before
{Heap before GC invocations=10 (full 0):
 garbage-first heap   total 262144K, used 102635K [0x00000007e0000000, 0x0000000800000000)
  region size 1024K, 27 young (27648K), 18 survivors (18432K)
 Metaspace       used 59998K, committed 60608K, reserved 393216K
  class space    used 8783K, committed 9088K, reserved 327680K
}
Event: 23.422 GC heap after
{Heap after GC invocations=11 (full 0):
 garbage-first heap   total 262144K, used 97035K [0x00000007e0000000, 0x0000000800000000)
  region size 1024K, 2 young (2048K), 2 survivors (2048K)
 Metaspace       used 59998K, committed 60608K, reserved 393216K
  class space    used 8783K, committed 9088K, reserved 327680K
}

