# JRE version: OpenJDK Runtime Environment Corretto-17.0.14.7.1 (17.0.14+7) (build 17.0.14+7-LTS)
# Java VM: OpenJDK 64-Bit Server VM Corretto-17.0.14.7.1 (17.0.14+7-LTS, mixed mode, sharing, tiered, compressed oops, compressed class ptrs, g1 gc, bsd-amd64)
Heap:
 garbage-first heap   total 262144K, used 120488K [0x00000007e0000000, 0x0000000800000000)
  region size 1024K, 96 young (98304K), 16 survivors (16384K)
 Metaspace       used 57581K, committed 58176K, reserved 393216K
  class space    used 8379K, committed 8704K, reserved 327680K
GC Heap History (12 events):
Event: 0.605 GC heap before
{Heap before GC invocations=0 (full 0):
 garbage-first heap   total 264192K, used 13216K [0x00000007e0000000, 0x0000000800000000)
  region size 1024K, 13 young (13312K), 0 survivors (0K)
 Metaspace       used 975K, committed 1088K, reserved 393216K
  class space    used 77K, committed 128K, reserved 327680K
}
Event: 0.609 GC heap after
{Heap after GC invocations=1 (full 0):
 garbage-first heap   total 264192K, used 2732K [0x00000007e0000000, 0x0000000800000000)
  region size 1024K, 2 young (2048K), 2 survivors (2048K)
 Metaspace       used 975K, committed 1088K, reserved 393216K
  class space    used 77K, committed 128K, reserved 327680K
}
Event: 1.444 GC heap before
{Heap before GC invocations=1 (full 0):
 garbage-first heap   total 264192K, used 29356K [0x00000007e0000000, 0x0000000800000000)
  region size 1024K, 25 young (25600K), 2 survivors (2048K)
 Metaspace       used 3985K, committed 4224K, reserved 393216K
  class space    used 511K, committed 640K, reserved 327680K
}
Event: 1.465 GC heap after
{Heap after GC invocations=2 (full 0):
 garbage-first heap   total 264192K, used 12027K [0x00000007e0000000, 0x0000000800000000)
  region size 1024K, 4 young (4096K), 4 survivors (4096K)
 Metaspace       used 3985K, committed 4224K, reserved 393216K
  class space    used 511K, committed 640K, reserved 327680K
}
Event: 1.995 GC heap before
{Heap before GC invocations=2 (full 0):
 garbage-first heap   total 264192K, used 39675K [0x00000007e0000000, 0x0000000800000000)
  region size 1024K, 29 young (29696K), 4 survivors (4096K)
 Metaspace       used 4501K, committed 4672K, reserved 393216K
  class space    used 604K, committed 704K, reserved 327680K
}
Event: 2.004 GC heap after
{Heap after GC invocations=3 (full 0):
 garbage-first heap   total 264192K, used 17402K [0x00000007e0000000, 0x0000000800000000)
  region size 1024K, 4 young (4096K), 4 survivors (4096K)
 Metaspace       used 4501K, committed 4672K, reserved 393216K
  class space    used 604K, committed 704K, reserved 327680K
}
Event: 5.861 GC heap before
{Heap before GC invocations=3 (full 0):
 garbage-first heap   total 264192K, used 121850K [0x00000007e0000000, 0x0000000800000000)
  region size 1024K, 107 young (109568K), 4 survivors (4096K)
 Metaspace       used 21257K, committed 21504K, reserved 393216K
  class space    used 3181K, committed 3328K, reserved 327680K
}
Event: 5.894 GC heap after
{Heap after GC invocations=4 (full 0):
 garbage-first heap   total 264192K, used 23830K [0x00000007e0000000, 0x0000000800000000)
  region size 1024K, 11 young (11264K), 11 survivors (11264K)
 Metaspace       used 21257K, committed 21504K, reserved 393216K
  class space    used 3181K, committed 3328K, reserved 327680K
}
Event: 8.546 GC heap before
{Heap before GC invocations=5 (full 0):
 garbage-first heap   total 262144K, used 142614K [0x00000007e0000000, 0x0000000800000000)
  region size 1024K, 124 young (126976K), 11 survivors (11264K)
 Metaspace       used 35557K, committed 35968K, reserved 393216K
  class space    used 5037K, committed 5248K, reserved 327680K
}
Event: 8.620 GC heap after
{Heap after GC invocations=6 (full 0):
 garbage-first heap   total 262144K, used 32462K [0x00000007e0000000, 0x0000000800000000)
  region size 1024K, 15 young (15360K), 15 survivors (15360K)
 Metaspace       used 35557K, committed 35968K, reserved 393216K
  class space    used 5037K, committed 5248K, reserved 327680K
}
Event: 11.306 GC heap before
{Heap before GC invocations=7 (full 0):
 garbage-first heap   total 262144K, used 154318K [0x00000007e0000000, 0x0000000800000000)
  region size 1024K, 133 young (136192K), 15 survivors (15360K)
 Metaspace       used 46368K, committed 46848K, reserved 393216K
  class space    used 6743K, committed 6976K, reserved 327680K
}
Event: 11.391 GC heap after
{Heap after GC invocations=8 (full 0):
 garbage-first heap   total 262144K, used 39358K [0x00000007e0000000, 0x0000000800000000)
  region size 1024K, 16 young (16384K), 16 survivors (16384K)
 Metaspace       used 46368K, committed 46848K, reserved 393216K
  class space    used 6743K, committed 6976K, reserved 327680K
}

