# JRE version: OpenJDK Runtime Environment Corretto-17.0.14.7.1 (17.0.14+7) (build 17.0.14+7-LTS)
# Java VM: OpenJDK 64-Bit Server VM Corretto-17.0.14.7.1 (17.0.14+7-LTS, mixed mode, sharing, tiered, compressed oops, compressed class ptrs, g1 gc, bsd-amd64)
Heap:
 garbage-first heap   total 262144K, used 85582K [0x00000007e0000000, 0x0000000800000000)
  region size 1024K, 54 young (55296K), 11 survivors (11264K)
 Metaspace       used 57579K, committed 58176K, reserved 393216K
  class space    used 8370K, committed 8640K, reserved 327680K
GC Heap History (16 events):
Event: 1.183 GC heap before
{Heap before GC invocations=0 (full 0):
 garbage-first heap   total 264192K, used 13216K [0x00000007e0000000, 0x0000000800000000)
  region size 1024K, 13 young (13312K), 0 survivors (0K)
 Metaspace       used 1007K, committed 1152K, reserved 393216K
  class space    used 77K, committed 128K, reserved 327680K
}
Event: 1.188 GC heap after
{Heap after GC invocations=1 (full 0):
 garbage-first heap   total 264192K, used 3112K [0x00000007e0000000, 0x0000000800000000)
  region size 1024K, 2 young (2048K), 2 survivors (2048K)
 Metaspace       used 1007K, committed 1152K, reserved 393216K
  class space    used 77K, committed 128K, reserved 327680K
}
Event: 2.357 GC heap before
{Heap before GC invocations=1 (full 0):
 garbage-first heap   total 264192K, used 27688K [0x00000007e0000000, 0x0000000800000000)
  region size 1024K, 23 young (23552K), 2 survivors (2048K)
 Metaspace       used 3953K, committed 4160K, reserved 393216K
  class space    used 511K, committed 640K, reserved 327680K
}
Event: 2.368 GC heap after
{Heap after GC invocations=2 (full 0):
 garbage-first heap   total 264192K, used 11745K [0x00000007e0000000, 0x0000000800000000)
  region size 1024K, 3 young (3072K), 3 survivors (3072K)
 Metaspace       used 3953K, committed 4160K, reserved 393216K
  class space    used 511K, committed 640K, reserved 327680K
}
Event: 3.086 GC heap before
{Heap before GC invocations=2 (full 0):
 garbage-first heap   total 264192K, used 38369K [0x00000007e0000000, 0x0000000800000000)
  region size 1024K, 28 young (28672K), 3 survivors (3072K)
 Metaspace       used 4362K, committed 4608K, reserved 393216K
  class space    used 574K, committed 704K, reserved 327680K
}
Event: 3.109 GC heap after
{Heap after GC invocations=3 (full 0):
 garbage-first heap   total 264192K, used 16918K [0x00000007e0000000, 0x0000000800000000)
  region size 1024K, 4 young (4096K), 4 survivors (4096K)
 Metaspace       used 4362K, committed 4608K, reserved 393216K
  class space    used 574K, committed 704K, reserved 327680K
}
Event: 6.685 GC heap before
{Heap before GC invocations=3 (full 0):
 garbage-first heap   total 264192K, used 122390K [0x00000007e0000000, 0x0000000800000000)
  region size 1024K, 108 young (110592K), 4 survivors (4096K)
 Metaspace       used 21229K, committed 21504K, reserved 393216K
  class space    used 3176K, committed 3328K, reserved 327680K
}
Event: 6.717 GC heap after
{Heap after GC invocations=4 (full 0):
 garbage-first heap   total 264192K, used 23458K [0x00000007e0000000, 0x0000000800000000)
  region size 1024K, 11 young (11264K), 11 survivors (11264K)
 Metaspace       used 21229K, committed 21504K, reserved 393216K
  class space    used 3176K, committed 3328K, reserved 327680K
}
Event: 9.424 GC heap before
{Heap before GC invocations=5 (full 0):
 garbage-first heap   total 262144K, used 144290K [0x00000007e0000000, 0x0000000800000000)
  region size 1024K, 126 young (129024K), 11 survivors (11264K)
 Metaspace       used 35753K, committed 36096K, reserved 393216K
  class space    used 5073K, committed 5248K, reserved 327680K
}
Event: 9.481 GC heap after
{Heap after GC invocations=6 (full 0):
 garbage-first heap   total 262144K, used 31583K [0x00000007e0000000, 0x0000000800000000)
  region size 1024K, 15 young (15360K), 15 survivors (15360K)
 Metaspace       used 35753K, committed 36096K, reserved 393216K
  class space    used 5073K, committed 5248K, reserved 327680K
}
Event: 9.510 GC heap before
{Heap before GC invocations=6 (full 0):
 garbage-first heap   total 262144K, used 32607K [0x00000007e0000000, 0x0000000800000000)
  region size 1024K, 16 young (16384K), 15 survivors (15360K)
 Metaspace       used 35776K, committed 36224K, reserved 393216K
  class space    used 5077K, committed 5312K, reserved 327680K
}
Event: 9.543 GC heap after
{Heap after GC invocations=7 (full 0):
 garbage-first heap   total 262144K, used 32734K [0x00000007e0000000, 0x0000000800000000)
  region size 1024K, 2 young (2048K), 2 survivors (2048K)
 Metaspace       used 35776K, committed 36224K, reserved 393216K
  class space    used 5077K, committed 5312K, reserved 327680K
}
Event: 9.586 GC heap before
{Heap before GC invocations=7 (full 0):
 garbage-first heap   total 262144K, used 33758K [0x00000007e0000000, 0x0000000800000000)
  region size 1024K, 4 young (4096K), 2 survivors (2048K)
 Metaspace       used 36008K, committed 36416K, reserved 393216K
  class space    used 5120K, committed 5312K, reserved 327680K
}
Event: 9.588 GC heap after
{Heap after GC invocations=8 (full 0):
 garbage-first heap   total 262144K, used 31316K [0x00000007e0000000, 0x0000000800000000)
  region size 1024K, 1 young (1024K), 1 survivors (1024K)
 Metaspace       used 36008K, committed 36416K, reserved 393216K
  class space    used 5120K, committed 5312K, reserved 327680K
}
Event: 14.011 GC heap before
{Heap before GC invocations=9 (full 0):
 garbage-first heap   total 262144K, used 187988K [0x00000007e0000000, 0x0000000800000000)
  region size 1024K, 153 young (156672K), 1 survivors (1024K)
 Metaspace       used 48116K, committed 48704K, reserved 393216K
  class space    used 7036K, committed 7296K, reserved 327680K
}
Event: 14.035 GC heap after
{Heap after GC invocations=10 (full 0):
 garbage-first heap   total 262144K, used 41604K [0x00000007e0000000, 0x0000000800000000)
  region size 1024K, 11 young (11264K), 11 survivors (11264K)
 Metaspace       used 48116K, committed 48704K, reserved 393216K
  class space    used 7036K, committed 7296K, reserved 327680K
}

