# JRE version: OpenJDK Runtime Environment Corretto-17.0.14.7.1 (17.0.14+7) (build 17.0.14+7-LTS)
# Java VM: OpenJDK 64-Bit Server VM Corretto-17.0.14.7.1 (17.0.14+7-LTS, mixed mode, sharing, tiered, compressed oops, compressed class ptrs, g1 gc, bsd-amd64)
Heap:
 garbage-first heap   total 262144K, used 89683K [0x00000007e0000000, 0x0000000800000000)
  region size 1024K, 60 young (61440K), 12 survivors (12288K)
 Metaspace       used 57771K, committed 58304K, reserved 393216K
  class space    used 8399K, committed 8640K, reserved 327680K
GC Heap History (14 events):
Event: 1.280 GC heap before
{Heap before GC invocations=0 (full 0):
 garbage-first heap   total 264192K, used 13216K [0x00000007e0000000, 0x0000000800000000)
  region size 1024K, 13 young (13312K), 0 survivors (0K)
 Metaspace       used 1001K, committed 1152K, reserved 393216K
  class space    used 77K, committed 128K, reserved 327680K
}
Event: 1.283 GC heap after
{Heap after GC invocations=1 (full 0):
 garbage-first heap   total 264192K, used 3112K [0x00000007e0000000, 0x0000000800000000)
  region size 1024K, 2 young (2048K), 2 survivors (2048K)
 Metaspace       used 1001K, committed 1152K, reserved 393216K
  class space    used 77K, committed 128K, reserved 327680K
}
Event: 2.434 GC heap before
{Heap before GC invocations=1 (full 0):
 garbage-first heap   total 264192K, used 28712K [0x00000007e0000000, 0x0000000800000000)
  region size 1024K, 24 young (24576K), 2 survivors (2048K)
 Metaspace       used 3962K, committed 4160K, reserved 393216K
  class space    used 511K, committed 640K, reserved 327680K
}
Event: 2.451 GC heap after
{Heap after GC invocations=2 (full 0):
 garbage-first heap   total 264192K, used 12287K [0x00000007e0000000, 0x0000000800000000)
  region size 1024K, 3 young (3072K), 3 survivors (3072K)
 Metaspace       used 3962K, committed 4160K, reserved 393216K
  class space    used 511K, committed 640K, reserved 327680K
}
Event: 3.302 GC heap before
{Heap before GC invocations=2 (full 0):
 garbage-first heap   total 264192K, used 40959K [0x00000007e0000000, 0x0000000800000000)
  region size 1024K, 29 young (29696K), 3 survivors (3072K)
 Metaspace       used 4564K, committed 4736K, reserved 393216K
  class space    used 614K, committed 704K, reserved 327680K
}
Event: 3.314 GC heap after
{Heap after GC invocations=3 (full 0):
 garbage-first heap   total 264192K, used 17208K [0x00000007e0000000, 0x0000000800000000)
  region size 1024K, 4 young (4096K), 4 survivors (4096K)
 Metaspace       used 4564K, committed 4736K, reserved 393216K
  class space    used 614K, committed 704K, reserved 327680K
}
Event: 7.944 GC heap before
{Heap before GC invocations=3 (full 0):
 garbage-first heap   total 264192K, used 120632K [0x00000007e0000000, 0x0000000800000000)
  region size 1024K, 106 young (108544K), 4 survivors (4096K)
 Metaspace       used 21214K, committed 21504K, reserved 393216K
  class space    used 3162K, committed 3264K, reserved 327680K
}
Event: 8.071 GC heap after
{Heap after GC invocations=4 (full 0):
 garbage-first heap   total 264192K, used 23678K [0x00000007e0000000, 0x0000000800000000)
  region size 1024K, 11 young (11264K), 11 survivors (11264K)
 Metaspace       used 21214K, committed 21504K, reserved 393216K
  class space    used 3162K, committed 3264K, reserved 327680K
}
Event: 15.742 GC heap before
{Heap before GC invocations=5 (full 0):
 garbage-first heap   total 262144K, used 126078K [0x00000007e0000000, 0x0000000800000000)
  region size 1024K, 107 young (109568K), 11 survivors (11264K)
 Metaspace       used 33701K, committed 34112K, reserved 393216K
  class space    used 4751K, committed 4928K, reserved 327680K
}
Event: 15.905 GC heap after
{Heap after GC invocations=6 (full 0):
 garbage-first heap   total 262144K, used 31394K [0x00000007e0000000, 0x0000000800000000)
  region size 1024K, 14 young (14336K), 14 survivors (14336K)
 Metaspace       used 33701K, committed 34112K, reserved 393216K
  class space    used 4751K, committed 4928K, reserved 327680K
}
Event: 18.545 GC heap before
{Heap before GC invocations=6 (full 0):
 garbage-first heap   total 262144K, used 47778K [0x00000007e0000000, 0x0000000800000000)
  region size 1024K, 31 young (31744K), 14 survivors (14336K)
 Metaspace       used 35588K, committed 35968K, reserved 393216K
  class space    used 5037K, committed 5248K, reserved 327680K
}
Event: 18.641 GC heap after
{Heap after GC invocations=7 (full 0):
 garbage-first heap   total 262144K, used 32516K [0x00000007e0000000, 0x0000000800000000)
  region size 1024K, 3 young (3072K), 3 survivors (3072K)
 Metaspace       used 35588K, committed 35968K, reserved 393216K
  class space    used 5037K, committed 5248K, reserved 327680K
}
Event: 29.427 GC heap before
{Heap before GC invocations=8 (full 0):
 garbage-first heap   total 262144K, used 187140K [0x00000007e0000000, 0x0000000800000000)
  region size 1024K, 153 young (156672K), 3 survivors (3072K)
 Metaspace       used 48245K, committed 48768K, reserved 393216K
  class space    used 7052K, committed 7296K, reserved 327680K
}
Event: 29.534 GC heap after
{Heap after GC invocations=9 (full 0):
 garbage-first heap   total 262144K, used 41413K [0x00000007e0000000, 0x0000000800000000)
  region size 1024K, 12 young (12288K), 12 survivors (12288K)
 Metaspace       used 48245K, committed 48768K, reserved 393216K
  class space    used 7052K, committed 7296K, reserved 327680K
}

