# JRE version: OpenJDK Runtime Environment Corretto-17.0.14.7.1 (17.0.14+7) (build 17.0.14+7-LTS)
# Java VM: OpenJDK 64-Bit Server VM Corretto-17.0.14.7.1 (17.0.14+7-LTS, mixed mode, sharing, tiered, compressed oops, compressed class ptrs, g1 gc, bsd-amd64)
Heap:
 garbage-first heap   total 262144K, used 89488K [0x00000007e0000000, 0x0000000800000000)
  region size 1024K, 65 young (66560K), 17 survivors (17408K)
 Metaspace       used 51250K, committed 51776K, reserved 393216K
  class space    used 7568K, committed 7808K, reserved 327680K
GC Heap History (14 events):
Event: 0.713 GC heap before
{Heap before GC invocations=0 (full 0):
 garbage-first heap   total 264192K, used 13216K [0x00000007e0000000, 0x0000000800000000)
  region size 1024K, 13 young (13312K), 0 survivors (0K)
 Metaspace       used 952K, committed 1088K, reserved 393216K
  class space    used 76K, committed 128K, reserved 327680K
}
Event: 0.717 GC heap after
{Heap after GC invocations=1 (full 0):
 garbage-first heap   total 264192K, used 2640K [0x00000007e0000000, 0x0000000800000000)
  region size 1024K, 2 young (2048K), 2 survivors (2048K)
 Metaspace       used 952K, committed 1088K, reserved 393216K
  class space    used 76K, committed 128K, reserved 327680K
}
Event: 1.852 GC heap before
{Heap before GC invocations=1 (full 0):
 garbage-first heap   total 264192K, used 30288K [0x00000007e0000000, 0x0000000800000000)
  region size 1024K, 26 young (26624K), 2 survivors (2048K)
 Metaspace       used 3986K, committed 4224K, reserved 393216K
  class space    used 512K, committed 640K, reserved 327680K
}
Event: 1.881 GC heap after
{Heap after GC invocations=2 (full 0):
 garbage-first heap   total 264192K, used 12405K [0x00000007e0000000, 0x0000000800000000)
  region size 1024K, 4 young (4096K), 4 survivors (4096K)
 Metaspace       used 3986K, committed 4224K, reserved 393216K
  class space    used 512K, committed 640K, reserved 327680K
}
Event: 2.353 GC heap before
{Heap before GC invocations=2 (full 0):
 garbage-first heap   total 264192K, used 39029K [0x00000007e0000000, 0x0000000800000000)
  region size 1024K, 28 young (28672K), 4 survivors (4096K)
 Metaspace       used 4474K, committed 4672K, reserved 393216K
  class space    used 599K, committed 704K, reserved 327680K
}
Event: 2.374 GC heap after
{Heap after GC invocations=3 (full 0):
 garbage-first heap   total 264192K, used 17610K [0x00000007e0000000, 0x0000000800000000)
  region size 1024K, 4 young (4096K), 4 survivors (4096K)
 Metaspace       used 4474K, committed 4672K, reserved 393216K
  class space    used 599K, committed 704K, reserved 327680K
}
Event: 3.752 GC heap before
{Heap before GC invocations=3 (full 0):
 garbage-first heap   total 264192K, used 50378K [0x00000007e0000000, 0x0000000800000000)
  region size 1024K, 36 young (36864K), 4 survivors (4096K)
 Metaspace       used 11810K, committed 11968K, reserved 393216K
  class space    used 1649K, committed 1728K, reserved 327680K
}
Event: 3.764 GC heap after
{Heap after GC invocations=4 (full 0):
 garbage-first heap   total 264192K, used 20668K [0x00000007e0000000, 0x0000000800000000)
  region size 1024K, 3 young (3072K), 3 survivors (3072K)
 Metaspace       used 11810K, committed 11968K, reserved 393216K
  class space    used 1649K, committed 1728K, reserved 327680K
}
Event: 5.993 GC heap before
{Heap before GC invocations=4 (full 0):
 garbage-first heap   total 264192K, used 92348K [0x00000007e0000000, 0x0000000800000000)
  region size 1024K, 74 young (75776K), 3 survivors (3072K)
 Metaspace       used 21247K, committed 21504K, reserved 393216K
  class space    used 3180K, committed 3328K, reserved 327680K
}
Event: 6.014 GC heap after
{Heap after GC invocations=5 (full 0):
 garbage-first heap   total 264192K, used 24264K [0x00000007e0000000, 0x0000000800000000)
  region size 1024K, 7 young (7168K), 7 survivors (7168K)
 Metaspace       used 21247K, committed 21504K, reserved 393216K
  class space    used 3180K, committed 3328K, reserved 327680K
}
Event: 9.288 GC heap before
{Heap before GC invocations=6 (full 0):
 garbage-first heap   total 262144K, used 146120K [0x00000007e0000000, 0x0000000800000000)
  region size 1024K, 123 young (125952K), 7 survivors (7168K)
 Metaspace       used 35702K, committed 36096K, reserved 393216K
  class space    used 5068K, committed 5312K, reserved 327680K
}
Event: 9.323 GC heap after
{Heap after GC invocations=7 (full 0):
 garbage-first heap   total 262144K, used 32419K [0x00000007e0000000, 0x0000000800000000)
  region size 1024K, 15 young (15360K), 15 survivors (15360K)
 Metaspace       used 35702K, committed 36096K, reserved 393216K
  class space    used 5068K, committed 5312K, reserved 327680K
}
Event: 12.231 GC heap before
{Heap before GC invocations=8 (full 0):
 garbage-first heap   total 262144K, used 175779K [0x00000007e0000000, 0x0000000800000000)
  region size 1024K, 153 young (156672K), 15 survivors (15360K)
 Metaspace       used 47022K, committed 47488K, reserved 393216K
  class space    used 6850K, committed 7040K, reserved 327680K
}
Event: 12.288 GC heap after
{Heap after GC invocations=9 (full 0):
 garbage-first heap   total 262144K, used 41122K [0x00000007e0000000, 0x0000000800000000)
  region size 1024K, 17 young (17408K), 17 survivors (17408K)
 Metaspace       used 47022K, committed 47488K, reserved 393216K
  class space    used 6850K, committed 7040K, reserved 327680K
}

