# JRE version: OpenJDK Runtime Environment Corretto-17.0.14.7.1 (17.0.14+7) (build 17.0.14+7-LTS)
# Java VM: OpenJDK 64-Bit Server VM Corretto-17.0.14.7.1 (17.0.14+7-LTS, mixed mode, sharing, tiered, compressed oops, compressed class ptrs, g1 gc, bsd-amd64)
Heap:
 garbage-first heap   total 262144K, used 132943K [0x00000007e0000000, 0x0000000800000000)
  region size 1024K, 100 young (102400K), 7 survivors (7168K)
 Metaspace       used 56752K, committed 57216K, reserved 393216K
  class space    used 8290K, committed 8512K, reserved 327680K
GC Heap History (12 events):
Event: 1.349 GC heap before
{Heap before GC invocations=0 (full 0):
 garbage-first heap   total 264192K, used 13216K [0x00000007e0000000, 0x0000000800000000)
  region size 1024K, 13 young (13312K), 0 survivors (0K)
 Metaspace       used 982K, committed 1152K, reserved 393216K
  class space    used 77K, committed 128K, reserved 327680K
}
Event: 1.352 GC heap after
{Heap after GC invocations=1 (full 0):
 garbage-first heap   total 264192K, used 3040K [0x00000007e0000000, 0x0000000800000000)
  region size 1024K, 2 young (2048K), 2 survivors (2048K)
 Metaspace       used 982K, committed 1152K, reserved 393216K
  class space    used 77K, committed 128K, reserved 327680K
}
Event: 2.986 GC heap before
{Heap before GC invocations=1 (full 0):
 garbage-first heap   total 264192K, used 28640K [0x00000007e0000000, 0x0000000800000000)
  region size 1024K, 24 young (24576K), 2 survivors (2048K)
 Metaspace       used 3962K, committed 4160K, reserved 393216K
  class space    used 510K, committed 640K, reserved 327680K
}
Event: 2.995 GC heap after
{Heap after GC invocations=2 (full 0):
 garbage-first heap   total 264192K, used 12147K [0x00000007e0000000, 0x0000000800000000)
  region size 1024K, 3 young (3072K), 3 survivors (3072K)
 Metaspace       used 3962K, committed 4160K, reserved 393216K
  class space    used 510K, committed 640K, reserved 327680K
}
Event: 4.116 GC heap before
{Heap before GC invocations=2 (full 0):
 garbage-first heap   total 264192K, used 40819K [0x00000007e0000000, 0x0000000800000000)
  region size 1024K, 29 young (29696K), 3 survivors (3072K)
 Metaspace       used 4562K, committed 4736K, reserved 393216K
  class space    used 614K, committed 704K, reserved 327680K
}
Event: 4.125 GC heap after
{Heap after GC invocations=3 (full 0):
 garbage-first heap   total 264192K, used 17766K [0x00000007e0000000, 0x0000000800000000)
  region size 1024K, 4 young (4096K), 4 survivors (4096K)
 Metaspace       used 4562K, committed 4736K, reserved 393216K
  class space    used 614K, committed 704K, reserved 327680K
}
Event: 9.812 GC heap before
{Heap before GC invocations=3 (full 0):
 garbage-first heap   total 264192K, used 121190K [0x00000007e0000000, 0x0000000800000000)
  region size 1024K, 106 young (108544K), 4 survivors (4096K)
 Metaspace       used 21198K, committed 21504K, reserved 393216K
  class space    used 3162K, committed 3264K, reserved 327680K
}
Event: 9.856 GC heap after
{Heap after GC invocations=4 (full 0):
 garbage-first heap   total 264192K, used 24284K [0x00000007e0000000, 0x0000000800000000)
  region size 1024K, 11 young (11264K), 11 survivors (11264K)
 Metaspace       used 21198K, committed 21504K, reserved 393216K
  class space    used 3162K, committed 3264K, reserved 327680K
}
Event: 14.223 GC heap before
{Heap before GC invocations=5 (full 0):
 garbage-first heap   total 262144K, used 145116K [0x00000007e0000000, 0x0000000800000000)
  region size 1024K, 126 young (129024K), 11 survivors (11264K)
 Metaspace       used 35584K, committed 35968K, reserved 393216K
  class space    used 5041K, committed 5184K, reserved 327680K
}
Event: 14.317 GC heap after
{Heap after GC invocations=6 (full 0):
 garbage-first heap   total 262144K, used 32411K [0x00000007e0000000, 0x0000000800000000)
  region size 1024K, 15 young (15360K), 15 survivors (15360K)
 Metaspace       used 35584K, committed 35968K, reserved 393216K
  class space    used 5041K, committed 5184K, reserved 327680K
}
Event: 17.808 GC heap before
{Heap before GC invocations=7 (full 0):
 garbage-first heap   total 262144K, used 136859K [0x00000007e0000000, 0x0000000800000000)
  region size 1024K, 116 young (118784K), 15 survivors (15360K)
 Metaspace       used 45824K, committed 46208K, reserved 393216K
  class space    used 6657K, committed 6848K, reserved 327680K
}
Event: 17.856 GC heap after
{Heap after GC invocations=8 (full 0):
 garbage-first heap   total 262144K, used 37945K [0x00000007e0000000, 0x0000000800000000)
  region size 1024K, 7 young (7168K), 7 survivors (7168K)
 Metaspace       used 45824K, committed 46208K, reserved 393216K
  class space    used 6657K, committed 6848K, reserved 327680K
}

