# JRE version: OpenJDK Runtime Environment Corretto-17.0.14.7.1 (17.0.14+7) (build 17.0.14+7-LTS)
# Java VM: OpenJDK 64-Bit Server VM Corretto-17.0.14.7.1 (17.0.14+7-LTS, mixed mode, sharing, tiered, compressed oops, compressed class ptrs, g1 gc, bsd-amd64)
Heap:
 garbage-first heap   total 262144K, used 65661K [0x00000007e0000000, 0x0000000800000000)
  region size 1024K, 35 young (35840K), 10 survivors (10240K)
 Metaspace       used 49404K, committed 49984K, reserved 393216K
  class space    used 7273K, committed 7552K, reserved 327680K
GC Heap History (16 events):
Event: 0.727 GC heap before
{Heap before GC invocations=0 (full 0):
 garbage-first heap   total 264192K, used 13216K [0x00000007e0000000, 0x0000000800000000)
  region size 1024K, 13 young (13312K), 0 survivors (0K)
 Metaspace       used 989K, committed 1152K, reserved 393216K
  class space    used 77K, committed 128K, reserved 327680K
}
Event: 0.732 GC heap after
{Heap after GC invocations=1 (full 0):
 garbage-first heap   total 264192K, used 2960K [0x00000007e0000000, 0x0000000800000000)
  region size 1024K, 2 young (2048K), 2 survivors (2048K)
 Metaspace       used 989K, committed 1152K, reserved 393216K
  class space    used 77K, committed 128K, reserved 327680K
}
Event: 1.445 GC heap before
{Heap before GC invocations=1 (full 0):
 garbage-first heap   total 264192K, used 28560K [0x00000007e0000000, 0x0000000800000000)
  region size 1024K, 24 young (24576K), 2 survivors (2048K)
 Metaspace       used 3972K, committed 4160K, reserved 393216K
  class space    used 511K, committed 640K, reserved 327680K
}
Event: 1.453 GC heap after
{Heap after GC invocations=2 (full 0):
 garbage-first heap   total 264192K, used 11876K [0x00000007e0000000, 0x0000000800000000)
  region size 1024K, 3 young (3072K), 3 survivors (3072K)
 Metaspace       used 3972K, committed 4160K, reserved 393216K
  class space    used 511K, committed 640K, reserved 327680K
}
Event: 1.825 GC heap before
{Heap before GC invocations=2 (full 0):
 garbage-first heap   total 264192K, used 40548K [0x00000007e0000000, 0x0000000800000000)
  region size 1024K, 29 young (29696K), 3 survivors (3072K)
 Metaspace       used 4573K, committed 4736K, reserved 393216K
  class space    used 614K, committed 704K, reserved 327680K
}
Event: 1.831 GC heap after
{Heap after GC invocations=3 (full 0):
 garbage-first heap   total 264192K, used 17312K [0x00000007e0000000, 0x0000000800000000)
  region size 1024K, 4 young (4096K), 4 survivors (4096K)
 Metaspace       used 4573K, committed 4736K, reserved 393216K
  class space    used 614K, committed 704K, reserved 327680K
}
Event: 4.409 GC heap before
{Heap before GC invocations=3 (full 0):
 garbage-first heap   total 264192K, used 120736K [0x00000007e0000000, 0x0000000800000000)
  region size 1024K, 106 young (108544K), 4 survivors (4096K)
 Metaspace       used 21195K, committed 21504K, reserved 393216K
  class space    used 3162K, committed 3264K, reserved 327680K
}
Event: 4.427 GC heap after
{Heap after GC invocations=4 (full 0):
 garbage-first heap   total 264192K, used 23640K [0x00000007e0000000, 0x0000000800000000)
  region size 1024K, 11 young (11264K), 11 survivors (11264K)
 Metaspace       used 21195K, committed 21504K, reserved 393216K
  class space    used 3162K, committed 3264K, reserved 327680K
}
Event: 6.773 GC heap before
{Heap before GC invocations=5 (full 0):
 garbage-first heap   total 262144K, used 145496K [0x00000007e0000000, 0x0000000800000000)
  region size 1024K, 127 young (130048K), 11 survivors (11264K)
 Metaspace       used 35715K, committed 36096K, reserved 393216K
  class space    used 5068K, committed 5248K, reserved 327680K
}
Event: 6.811 GC heap after
{Heap after GC invocations=6 (full 0):
 garbage-first heap   total 262144K, used 32012K [0x00000007e0000000, 0x0000000800000000)
  region size 1024K, 15 young (15360K), 15 survivors (15360K)
 Metaspace       used 35715K, committed 36096K, reserved 393216K
  class space    used 5068K, committed 5248K, reserved 327680K
}
Event: 6.829 GC heap before
{Heap before GC invocations=6 (full 0):
 garbage-first heap   total 262144K, used 33036K [0x00000007e0000000, 0x0000000800000000)
  region size 1024K, 16 young (16384K), 15 survivors (15360K)
 Metaspace       used 35797K, committed 36224K, reserved 393216K
  class space    used 5080K, committed 5248K, reserved 327680K
}
Event: 6.861 GC heap after
{Heap after GC invocations=7 (full 0):
 garbage-first heap   total 262144K, used 32790K [0x00000007e0000000, 0x0000000800000000)
  region size 1024K, 2 young (2048K), 2 survivors (2048K)
 Metaspace       used 35797K, committed 36224K, reserved 393216K
  class space    used 5080K, committed 5248K, reserved 327680K
}
Event: 6.894 GC heap before
{Heap before GC invocations=7 (full 0):
 garbage-first heap   total 262144K, used 33814K [0x00000007e0000000, 0x0000000800000000)
  region size 1024K, 4 young (4096K), 2 survivors (2048K)
 Metaspace       used 35963K, committed 36416K, reserved 393216K
  class space    used 5111K, committed 5312K, reserved 327680K
}
Event: 6.898 GC heap after
{Heap after GC invocations=8 (full 0):
 garbage-first heap   total 262144K, used 31048K [0x00000007e0000000, 0x0000000800000000)
  region size 1024K, 1 young (1024K), 1 survivors (1024K)
 Metaspace       used 35963K, committed 36416K, reserved 393216K
  class space    used 5111K, committed 5312K, reserved 327680K
}
Event: 11.517 GC heap before
{Heap before GC invocations=9 (full 0):
 garbage-first heap   total 262144K, used 182600K [0x00000007e0000000, 0x0000000800000000)
  region size 1024K, 147 young (150528K), 1 survivors (1024K)
 Metaspace       used 48002K, committed 48512K, reserved 393216K
  class space    used 7019K, committed 7296K, reserved 327680K
}
Event: 11.558 GC heap after
{Heap after GC invocations=10 (full 0):
 garbage-first heap   total 262144K, used 40759K [0x00000007e0000000, 0x0000000800000000)
  region size 1024K, 10 young (10240K), 10 survivors (10240K)
 Metaspace       used 48002K, committed 48512K, reserved 393216K
  class space    used 7019K, committed 7296K, reserved 327680K
}

